<?xml version="1.0" encoding="UTF-8"?>
<testng-results ignored="0" total="1" passed="1" failed="0" skipped="0">
  <reporter-output>
  </reporter-output>
  <suite started-at="2024-05-19T00:25:57 IST" name="Default suite" finished-at="2024-05-19T00:26:00 IST" duration-ms="3266">
    <groups>
    </groups>
    <test started-at="2024-05-19T00:25:57 IST" name="Default test" finished-at="2024-05-19T00:26:00 IST" duration-ms="3266">
      <class name="Hooks.Base">
        <test-method signature="launch()[pri:0, instance:Hooks.Base@71def8f8]" started-at="2024-05-19T00:25:57 IST" name="launch" finished-at="2024-05-19T00:26:00 IST" duration-ms="3225" status="PASS">
          <reporter-output>
          </reporter-output>
        </test-method> <!-- launch -->
        <test-method is-config="true" signature="closet()[pri:0, instance:Hooks.Base@71def8f8]" started-at="2024-05-19T00:26:00 IST" name="closet" finished-at="2024-05-19T00:26:00 IST" duration-ms="2" status="PASS">
          <reporter-output>
          </reporter-output>
        </test-method> <!-- closet -->
      </class> <!-- Hooks.Base -->
    </test> <!-- Default test -->
  </suite> <!-- Default suite -->
</testng-results>
