<?xml version="1.0" encoding="UTF-8"?>
<testng-results ignored="0" total="1" passed="1" failed="0" skipped="0">
  <reporter-output>
  </reporter-output>
  <suite started-at="2024-05-26T12:50:02 IST" name="Default suite" finished-at="2024-05-26T12:50:12 IST" duration-ms="9404">
    <groups>
    </groups>
    <test started-at="2024-05-26T12:50:02 IST" name="Default test" finished-at="2024-05-26T12:50:12 IST" duration-ms="9404">
      <class name="hooks.Base">
        <test-method signature="launch()[pri:0, instance:hooks.Base@71def8f8]" started-at="2024-05-26T12:50:02 IST" name="launch" finished-at="2024-05-26T12:50:12 IST" duration-ms="9357" status="PASS">
          <reporter-output>
          </reporter-output>
        </test-method> <!-- launch -->
        <test-method is-config="true" signature="closet()[pri:0, instance:hooks.Base@71def8f8]" started-at="2024-05-26T12:50:12 IST" name="closet" finished-at="2024-05-26T12:50:12 IST" duration-ms="0" status="PASS">
          <reporter-output>
          </reporter-output>
        </test-method> <!-- closet -->
      </class> <!-- hooks.Base -->
    </test> <!-- Default test -->
  </suite> <!-- Default suite -->
</testng-results>
